This is pdfTeX, Version 3.14159265-2.6-1.40.19 (TeX Live 2018/W32TeX) (preloaded format=pdflatex 2018.8.3)  9 DEC 2018 12:21
entering extended mode
 restricted \write18 enabled.
 file:line:error style messages enabled.
 %&-line parsing enabled.
**c:/_Masterarbeit/Text/Example.tex
(c:/_Masterarbeit/Text/Example.tex
LaTeX2e <2018-04-01> patch level 5
(d:/texlive/2018/texmf-dist/tex/latex/koma-script/scrbook.cls
Document Class: scrbook 2018/03/30 v3.25 KOMA-Script document class (book)
(d:/texlive/2018/texmf-dist/tex/latex/koma-script/scrkbase.sty
Package: scrkbase 2018/03/30 v3.25 KOMA-Script package (KOMA-Script-dependent basics and keyval usage)
 (d:/texlive/2018/texmf-dist/tex/latex/koma-script/scrbase.sty
Package: scrbase 2018/03/30 v3.25 KOMA-Script package (KOMA-Script-independent basics and keyval usage)
 (d:/texlive/2018/texmf-dist/tex/latex/graphics/keyval.sty
Package: keyval 2014/10/28 v1.15 key=value parser (DPC)
\KV@toks@=\toks14
) (d:/texlive/2018/texmf-dist/tex/latex/koma-script/scrlfile.sty
Package: scrlfile 2018/03/30 v3.25 KOMA-Script package (loading files)
))) (d:/texlive/2018/texmf-dist/tex/latex/koma-script/tocbasic.sty
Package: tocbasic 2018/03/30 v3.25 KOMA-Script package (handling toc-files)
\scr@dte@tocline@numberwidth=\skip41
\scr@dte@tocline@numbox=\box26
)
Package tocbasic Info: omitting babel extension for `toc'
(tocbasic)             because of feature `nobabel' available
(tocbasic)             for `toc' on input line 136.
Package tocbasic Info: defining new hook before heading of `' on input line 1663.
Package scrbook Info: You've used standard option `12pt'.
(scrbook)             This is correct!
(scrbook)             Internally I'm using `fontsize=12pt'.
(scrbook)             If you'd like to set the option with \KOMAoptions,
(scrbook)             you'd have to use `fontsize=12pt' there
(scrbook)             instead of `12pt', too.
Class scrbook Info: You've used standard option `oneside'.
(scrbook)           This is correct!
(scrbook)           Internally I'm using `twoside=false'.
(scrbook)           If you'd like to set the option with \KOMAoptions,
(scrbook)           you'd have to use `twoside=false' there
(scrbook)           instead of `oneside', too.
Class scrbook Info: File `scrsize12pt.clo' used to setup font sizes on input line 2331.
 (d:/texlive/2018/texmf-dist/tex/latex/koma-script/scrsize12pt.clo
File: scrsize12pt.clo 2018/03/30 v3.25 KOMA-Script font size class option (12pt)
) (d:/texlive/2018/texmf-dist/tex/latex/koma-script/typearea.sty
Package: typearea 2018/03/30 v3.25 KOMA-Script package (type area)
\ta@bcor=\skip42
\ta@div=\count80
Package typearea Info: You've used standard option `a4paper'.
(typearea)             This is correct!
(typearea)             Internally I'm using `paper=a4'.
(typearea)             If you'd like to set the option with \KOMAoptions,
(typearea)             you'd have to use `paper=a4' there
(typearea)             instead of `a4paper', too.
Package typearea Info: You've used standard option `oneside'.
(typearea)             This is correct!
(typearea)             Internally I'm using `twoside=false'.
(typearea)             If you'd like to set the option with \KOMAoptions,
(typearea)             you'd have to use `twoside=false' there
(typearea)             instead of `oneside', too.
\ta@hblk=\skip43
\ta@vblk=\skip44
\ta@temp=\skip45
\footheight=\skip46
Package typearea Info: These are the values describing the layout:
(typearea)             DIV  = 12
(typearea)             BCOR = 0.0pt
(typearea)             \paperwidth      = 597.50793pt
(typearea)              \textwidth      = 448.13095pt
(typearea)              DIV departure   = -6%
(typearea)              \evensidemargin = 2.4185pt
(typearea)              \oddsidemargin  = 2.4185pt
(typearea)             \paperheight     = 845.04694pt
(typearea)              \textheight     = 635.5pt
(typearea)              \topmargin      = -41.72441pt
(typearea)              \headheight     = 18.125pt
(typearea)              \headsep        = 21.75pt
(typearea)              \topskip        = 12.0pt
(typearea)              \footskip       = 50.75pt
(typearea)              \baselineskip   = 14.5pt
(typearea)              on input line 1706.
)
\c@part=\count81
\c@chapter=\count82
\c@section=\count83
\c@subsection=\count84
\c@subsubsection=\count85
\c@paragraph=\count86
\c@subparagraph=\count87
\scr@dte@part@maxnumwidth=\skip47
\scr@dte@chapter@maxnumwidth=\skip48
\scr@dte@section@maxnumwidth=\skip49
\scr@dte@subsection@maxnumwidth=\skip50
\scr@dte@subsubsection@maxnumwidth=\skip51
\scr@dte@paragraph@maxnumwidth=\skip52
\scr@dte@subparagraph@maxnumwidth=\skip53
\abovecaptionskip=\skip54
\belowcaptionskip=\skip55
\c@pti@nb@sid@b@x=\box27
\scr@dte@figure@maxnumwidth=\skip56
Package tocbasic Info: omitting babel extension for `lof'
(tocbasic)             because of feature `nobabel' available
(tocbasic)             for `lof' on input line 6251.
\c@figure=\count88
\scr@dte@table@maxnumwidth=\skip57
Package tocbasic Info: omitting babel extension for `lot'
(tocbasic)             because of feature `nobabel' available
(tocbasic)             for `lot' on input line 6272.
\c@table=\count89
Class scrbook Info: Redefining `\numberline' on input line 6445.
\bibindent=\dimen102
) (d:/texlive/2018/texmf-dist/tex/latex/base/inputenc.sty
Package: inputenc 2018/04/06 v1.3b Input encoding file
\inpenc@prehook=\toks15
\inpenc@posthook=\toks16
 (d:/texlive/2018/texmf-dist/tex/latex/base/latin1.def
File: latin1.def 2018/04/06 v1.3b Input encoding file
)) (d:/texlive/2018/texmf-dist/tex/latex/amsmath/amsmath.sty
Package: amsmath 2017/09/02 v2.17a AMS math features
\@mathmargin=\skip58

For additional information on amsmath, use the `?' option.
(d:/texlive/2018/texmf-dist/tex/latex/amsmath/amstext.sty
Package: amstext 2000/06/29 v2.01 AMS text
 (d:/texlive/2018/texmf-dist/tex/latex/amsmath/amsgen.sty
File: amsgen.sty 1999/11/30 v2.0 generic functions
\@emptytoks=\toks17
\ex@=\dimen103
)) (d:/texlive/2018/texmf-dist/tex/latex/amsmath/amsbsy.sty
Package: amsbsy 1999/11/29 v1.2d Bold Symbols
\pmbraise@=\dimen104
) (d:/texlive/2018/texmf-dist/tex/latex/amsmath/amsopn.sty
Package: amsopn 2016/03/08 v2.02 operator names
)
\inf@bad=\count90
LaTeX Info: Redefining \frac on input line 213.
\uproot@=\count91
\leftroot@=\count92
LaTeX Info: Redefining \overline on input line 375.
\classnum@=\count93
\DOTSCASE@=\count94
LaTeX Info: Redefining \ldots on input line 472.
LaTeX Info: Redefining \dots on input line 475.
LaTeX Info: Redefining \cdots on input line 596.
\Mathstrutbox@=\box28
\strutbox@=\box29
\big@size=\dimen105
LaTeX Font Info:    Redeclaring font encoding OML on input line 712.
LaTeX Font Info:    Redeclaring font encoding OMS on input line 713.
\macc@depth=\count95
\c@MaxMatrixCols=\count96
\dotsspace@=\muskip10
\c@parentequation=\count97
\dspbrk@lvl=\count98
\tag@help=\toks18
\row@=\count99
\column@=\count100
\maxfields@=\count101
\andhelp@=\toks19
\eqnshift@=\dimen106
\alignsep@=\dimen107
\tagshift@=\dimen108
\tagwidth@=\dimen109
\totwidth@=\dimen110
\lineht@=\dimen111
\@envbody=\toks20
\multlinegap=\skip59
\multlinetaggap=\skip60
\mathdisplay@stack=\toks21
LaTeX Info: Redefining \[ on input line 2817.
LaTeX Info: Redefining \] on input line 2818.
) (d:/texlive/2018/texmf-dist/tex/latex/amscls/amsthm.sty
Package: amsthm 2017/10/31 v2.20.4
\thm@style=\toks22
\thm@bodyfont=\toks23
\thm@headfont=\toks24
\thm@notefont=\toks25
\thm@headpunct=\toks26
\thm@preskip=\skip61
\thm@postskip=\skip62
\thm@headsep=\skip63
\dth@everypar=\toks27
) (d:/texlive/2018/texmf-dist/tex/latex/amsfonts/amssymb.sty
Package: amssymb 2013/01/14 v3.01 AMS font symbols
 (d:/texlive/2018/texmf-dist/tex/latex/amsfonts/amsfonts.sty
Package: amsfonts 2013/01/14 v3.01 Basic AMSFonts support
\symAMSa=\mathgroup4
\symAMSb=\mathgroup5
LaTeX Font Info:    Overwriting math alphabet `\mathfrak' in version `bold'
(Font)                  U/euf/m/n --> U/euf/b/n on input line 106.
)) (d:/texlive/2018/texmf-dist/tex/generic/babel/babel.sty
Package: babel 2018/06/05 3.22 The Babel package
 (d:/texlive/2018/texmf-dist/tex/generic/babel/switch.def
File: switch.def 2018/06/05 3.22 Babel switching mechanism
) (d:/texlive/2018/texmf-dist/tex/generic/babel-german/german.ldf
Language: german 2018/03/29 v2.10 German support for babel (pre-1996 orthography)
 (d:/texlive/2018/texmf-dist/tex/generic/babel-german/germanb.ldf
Language: germanb 2018/03/29 v2.10 German support for babel (pre-1996 orthography)
 (d:/texlive/2018/texmf-dist/tex/generic/babel/babel.def
File: babel.def 2018/06/05 3.22 Babel common definitions
\babel@savecnt=\count102
\U@D=\dimen112
 (d:/texlive/2018/texmf-dist/tex/generic/babel/txtbabel.def)
\bbl@dirlevel=\count103
)
Package babel Info: Making " an active character on input line 135.
)) (d:/texlive/2018/texmf-dist/tex/generic/babel-german/ngerman.ldf
Language: ngerman 2018/03/29 v2.10 German support for babel (post-1996 orthography)
 (d:/texlive/2018/texmf-dist/tex/generic/babel-german/ngermanb.ldf
Language: ngermanb 2018/03/29 v2.10 German support for babel (post-1996 orthography)
))) (d:/texlive/2018/texmf-dist/tex/latex/marvosym/marvosym.sty
Package: marvosym 2011/07/20 v2.2 Martin Vogel's Symbols font definitions
) (d:/texlive/2018/texmf-dist/tex/latex/graphics/graphics.sty
Package: graphics 2017/06/25 v1.2c Standard LaTeX Graphics (DPC,SPQR)
 (d:/texlive/2018/texmf-dist/tex/latex/graphics/trig.sty
Package: trig 2016/01/03 v1.10 sin cos tan (DPC)
) (d:/texlive/2018/texmf-dist/tex/latex/graphics-cfg/graphics.cfg
File: graphics.cfg 2016/06/04 v1.11 sample graphics configuration
)
Package graphics Info: Driver file: pdftex.def on input line 99.
 (d:/texlive/2018/texmf-dist/tex/latex/graphics-def/pdftex.def
File: pdftex.def 2018/01/08 v1.0l Graphics/color driver for pdftex
)) (d:/texlive/2018/texmf-dist/tex/latex/natbib/natbib.sty
Package: natbib 2010/09/13 8.31b (PWD, AO)
\bibhang=\skip64
\bibsep=\skip65
LaTeX Info: Redefining \cite on input line 694.
\c@NAT@ctr=\count104
)
\c@satz=\count105
\c@algorithmus=\count106
 (./Example.aux)
\openout1 = `Example.aux'.

LaTeX Font Info:    Checking defaults for OML/cmm/m/it on input line 25.
LaTeX Font Info:    ... okay on input line 25.
LaTeX Font Info:    Checking defaults for T1/cmr/m/n on input line 25.
LaTeX Font Info:    ... okay on input line 25.
LaTeX Font Info:    Checking defaults for OT1/cmr/m/n on input line 25.
LaTeX Font Info:    ... okay on input line 25.
LaTeX Font Info:    Checking defaults for OMS/cmsy/m/n on input line 25.
LaTeX Font Info:    ... okay on input line 25.
LaTeX Font Info:    Checking defaults for OMX/cmex/m/n on input line 25.
LaTeX Font Info:    ... okay on input line 25.
LaTeX Font Info:    Checking defaults for U/cmr/m/n on input line 25.
LaTeX Font Info:    ... okay on input line 25.
 (d:/texlive/2018/texmf-dist/tex/context/base/mkii/supp-pdf.mkii
[Loading MPS to PDF converter (version 2006.09.02).]
\scratchcounter=\count107
\scratchdimen=\dimen113
\scratchbox=\box30
\nofMPsegments=\count108
\nofMParguments=\count109
\everyMPshowfont=\toks28
\MPscratchCnt=\count110
\MPscratchDim=\dimen114
\MPnumerator=\count111
\makeMPintoPDFobject=\count112
\everyMPtoPDFconversion=\toks29
) (d:/texlive/2018/texmf-dist/tex/latex/oberdiek/epstopdf-base.sty
Package: epstopdf-base 2016/05/15 v2.6 Base part for package epstopdf
 (d:/texlive/2018/texmf-dist/tex/generic/oberdiek/infwarerr.sty
Package: infwarerr 2016/05/16 v1.4 Providing info/warning/error messages (HO)
) (d:/texlive/2018/texmf-dist/tex/latex/oberdiek/grfext.sty
Package: grfext 2016/05/16 v1.2 Manage graphics extensions (HO)
 (d:/texlive/2018/texmf-dist/tex/generic/oberdiek/kvdefinekeys.sty
Package: kvdefinekeys 2016/05/16 v1.4 Define keys (HO)
 (d:/texlive/2018/texmf-dist/tex/generic/oberdiek/ltxcmds.sty
Package: ltxcmds 2016/05/16 v1.23 LaTeX kernel commands for general use (HO)
))) (d:/texlive/2018/texmf-dist/tex/latex/oberdiek/kvoptions.sty
Package: kvoptions 2016/05/16 v3.12 Key value format for package options (HO)
 (d:/texlive/2018/texmf-dist/tex/generic/oberdiek/kvsetkeys.sty
Package: kvsetkeys 2016/05/16 v1.17 Key value parser (HO)
 (d:/texlive/2018/texmf-dist/tex/generic/oberdiek/etexcmds.sty
Package: etexcmds 2016/05/16 v1.6 Avoid name clashes with e-TeX commands (HO)
 (d:/texlive/2018/texmf-dist/tex/generic/oberdiek/ifluatex.sty
Package: ifluatex 2016/05/16 v1.4 Provides the ifluatex switch (HO)
Package ifluatex Info: LuaTeX not detected.
)
Package etexcmds Info: Could not find \expanded.
(etexcmds)             That can mean that you are not using pdfTeX 1.50 or
(etexcmds)             that some package has redefined \expanded.
(etexcmds)             In the latter case, load this package earlier.
))) (d:/texlive/2018/texmf-dist/tex/generic/oberdiek/pdftexcmds.sty
Package: pdftexcmds 2018/01/30 v0.27 Utility functions of pdfTeX for LuaTeX (HO)
 (d:/texlive/2018/texmf-dist/tex/generic/oberdiek/ifpdf.sty
Package: ifpdf 2017/03/15 v3.2 Provides the ifpdf switch
)
Package pdftexcmds Info: LuaTeX not detected.
Package pdftexcmds Info: \pdf@primitive is available.
Package pdftexcmds Info: \pdf@ifprimitive is available.
Package pdftexcmds Info: \pdfdraftmode found.
)
Package epstopdf-base Info: Redefining graphics rule for `.eps' on input line 438.
Package grfext Info: Graphics extension search list:
(grfext)             [.pdf,.png,.jpg,.mps,.jpeg,.jbig2,.jb2,.PDF,.PNG,.JPG,.JPEG,.JBIG2,.JB2,.eps]
(grfext)             \AppendGraphicsExtensions on input line 456.
 (d:/texlive/2018/texmf-dist/tex/latex/latexconfig/epstopdf-sys.cfg
File: epstopdf-sys.cfg 2010/07/13 v1.3 Configuration of (r)epstopdf for TeX Live
))

c:/_Masterarbeit/Text/Example.tex:36: Class scrbook Error: undefined old font command `\sc'.

See the scrbook class documentation for explanation.
Type  H <return>  for immediate help.
 ...                                              
                                                  
l.36 {\huge \sc
               { Fakult\"at f\"ur Mathematik}}
You should note that since 1994 LaTeX2e provides a new font selection scheme
called NFSS2 with several new, combinable font commands. KOMA-Script
classes had defined the old font commands like `\sc' only for compatibility
with old LaTeX 2.09 document styles of Script 2.0. Nevertheless, these
commands are deprecated and undocumented at least since 2003. Since 2013
KOMA-Script classes warned about soon removement of these deprecated commands.
Now, after two decades of LaTeX2e and NFSS2, these commands will not work any
more. If loading a package results in this error message, you should contact
the author of that package and ask him to replace the deprecated font command
`\sc', e.g., by `\normalfont \scshape `. Otherwise you should reconfigure
or replace the package. If you have used the old font command `\sc' yourself,
you should replace it, e.g., by `\normalfont \scshape '.
To make it work for now, you can use the already also deprecated class option
`enabledeprecatedfontcommands'.


c:/_Masterarbeit/Text/Example.tex:39: Class scrbook Error: undefined old font command `\bf'.

See the scrbook class documentation for explanation.
Type  H <return>  for immediate help.
 ...                                              
                                                  
l.39 {\Huge {\bf
                 [Titel der Masterarbeit]}}
You should note that since 1994 LaTeX2e provides a new font selection scheme
called NFSS2 with several new, combinable font commands. KOMA-Script
classes had defined the old font commands like `\bf' only for compatibility
with old LaTeX 2.09 document styles of Script 2.0. Nevertheless, these
commands are deprecated and undocumented at least since 2003. Since 2013
KOMA-Script classes warned about soon removement of these deprecated commands.
Now, after two decades of LaTeX2e and NFSS2, these commands will not work any
more. If loading a package results in this error message, you should contact
the author of that package and ask him to replace the deprecated font command
`\bf', e.g., by `\normalfont \bfseries `. Otherwise you should reconfigure
or replace the package. If you have used the old font command `\bf' yourself,
you should replace it, e.g., by `\normalfont \bfseries '.
To make it work for now, you can use the already also deprecated class option
`enabledeprecatedfontcommands'.

LaTeX Font Info:    Try loading font information for U+msa on input line 47.
(d:/texlive/2018/texmf-dist/tex/latex/amsfonts/umsa.fd
File: umsa.fd 2013/01/14 v3.01 AMS symbols A
)
LaTeX Font Info:    Try loading font information for U+msb on input line 47.
 (d:/texlive/2018/texmf-dist/tex/latex/amsfonts/umsb.fd
File: umsb.fd 2013/01/14 v3.01 AMS symbols B
) [1

{d:/texlive/2018/texmf-var/fonts/map/pdftex/updmap/pdftex.map}]
Underfull \hbox (badness 10000) in paragraph at lines 58--66

 []


Underfull \hbox (badness 10000) in paragraph at lines 58--66

 []


Underfull \hbox (badness 10000) in paragraph at lines 58--66

 []


Underfull \hbox (badness 10000) in paragraph at lines 58--66

 []

[2]

c:/_Masterarbeit/Text/Example.tex:71: Class scrbook Error: undefined old font command `\bf'.

See the scrbook class documentation for explanation.
Type  H <return>  for immediate help.
 ...                                              
                                                  
l.71 {\Huge {\bf
                 Danksagung}} \\
You should note that since 1994 LaTeX2e provides a new font selection scheme
called NFSS2 with several new, combinable font commands. KOMA-Script
classes had defined the old font commands like `\bf' only for compatibility
with old LaTeX 2.09 document styles of Script 2.0. Nevertheless, these
commands are deprecated and undocumented at least since 2003. Since 2013
KOMA-Script classes warned about soon removement of these deprecated commands.
Now, after two decades of LaTeX2e and NFSS2, these commands will not work any
more. If loading a package results in this error message, you should contact
the author of that package and ask him to replace the deprecated font command
`\bf', e.g., by `\normalfont \bfseries `. Otherwise you should reconfigure
or replace the package. If you have used the old font command `\bf' yourself,
you should replace it, e.g., by `\normalfont \bfseries '.
To make it work for now, you can use the already also deprecated class option
`enabledeprecatedfontcommands'.

[1] [2]
No file Example.toc.
\tf@toc=\write3
\openout3 = `Example.toc'.

[1


]
chapter 1.
[1


]
chapter 2.

Overfull \hbox (9.60599pt too wide) in paragraph at lines 99--102
[]\OT1/cmr/m/n/12 Die Vor-ge-hens-wei-se ist ver-gleich-bar mit der Her-lei-tung des Nicht-li-nea-ren Beam-Elements
 []

[2


]
chapter 3.
[3


]
chapter 4.
[4


]

c:/_Masterarbeit/Text/Example.tex:114: Class scrbook Error: undefined old font command `\it'.

See the scrbook class documentation for explanation.
Type  H <return>  for immediate help.
 ...                                              
                                                  
l.114 ...l securities subject to credit risk, {\it
                                                   Journal of Finance} {\bf ...
You should note that since 1994 LaTeX2e provides a new font selection scheme
called NFSS2 with several new, combinable font commands. KOMA-Script
classes had defined the old font commands like `\it' only for compatibility
with old LaTeX 2.09 document styles of Script 2.0. Nevertheless, these
commands are deprecated and undocumented at least since 2003. Since 2013
KOMA-Script classes warned about soon removement of these deprecated commands.
Now, after two decades of LaTeX2e and NFSS2, these commands will not work any
more. If loading a package results in this error message, you should contact
the author of that package and ask him to replace the deprecated font command
`\it', e.g., by `\normalfont \itshape `. Otherwise you should reconfigure
or replace the package. If you have used the old font command `\it' yourself,
you should replace it, e.g., by `\normalfont \itshape '.
To make it work for now, you can use the already also deprecated class option
`enabledeprecatedfontcommands'.


c:/_Masterarbeit/Text/Example.tex:114: Class scrbook Error: undefined old font command `\bf'.

See the scrbook class documentation for explanation.
Type  H <return>  for immediate help.
 ...                                              
                                                  
l.114 ...redit risk, {\it Journal of Finance} {\bf
                                                   50:1} (1995) 53--85.
You should note that since 1994 LaTeX2e provides a new font selection scheme
called NFSS2 with several new, combinable font commands. KOMA-Script
classes had defined the old font commands like `\bf' only for compatibility
with old LaTeX 2.09 document styles of Script 2.0. Nevertheless, these
commands are deprecated and undocumented at least since 2003. Since 2013
KOMA-Script classes warned about soon removement of these deprecated commands.
Now, after two decades of LaTeX2e and NFSS2, these commands will not work any
more. If loading a package results in this error message, you should contact
the author of that package and ask him to replace the deprecated font command
`\bf', e.g., by `\normalfont \bfseries `. Otherwise you should reconfigure
or replace the package. If you have used the old font command `\bf' yourself,
you should replace it, e.g., by `\normalfont \bfseries '.
To make it work for now, you can use the already also deprecated class option
`enabledeprecatedfontcommands'.


c:/_Masterarbeit/Text/Example.tex:115: Class scrbook Error: undefined old font command `\it'.

See the scrbook class documentation for explanation.
Type  H <return>  for immediate help.
 ...                                              
                                                  
l.115 ...ltivariate exponential distribution, {\it
                                                   Journal of the American S...
You should note that since 1994 LaTeX2e provides a new font selection scheme
called NFSS2 with several new, combinable font commands. KOMA-Script
classes had defined the old font commands like `\it' only for compatibility
with old LaTeX 2.09 document styles of Script 2.0. Nevertheless, these
commands are deprecated and undocumented at least since 2003. Since 2013
KOMA-Script classes warned about soon removement of these deprecated commands.
Now, after two decades of LaTeX2e and NFSS2, these commands will not work any
more. If loading a package results in this error message, you should contact
the author of that package and ask him to replace the deprecated font command
`\it', e.g., by `\normalfont \itshape `. Otherwise you should reconfigure
or replace the package. If you have used the old font command `\it' yourself,
you should replace it, e.g., by `\normalfont \itshape '.
To make it work for now, you can use the already also deprecated class option
`enabledeprecatedfontcommands'.


c:/_Masterarbeit/Text/Example.tex:115: Class scrbook Error: undefined old font command `\bf'.

See the scrbook class documentation for explanation.
Type  H <return>  for immediate help.
 ...                                              
                                                  
l.115 ...he American Statistical Association} {\bf
                                                   62} (1967) pp. 30--44.
You should note that since 1994 LaTeX2e provides a new font selection scheme
called NFSS2 with several new, combinable font commands. KOMA-Script
classes had defined the old font commands like `\bf' only for compatibility
with old LaTeX 2.09 document styles of Script 2.0. Nevertheless, these
commands are deprecated and undocumented at least since 2003. Since 2013
KOMA-Script classes warned about soon removement of these deprecated commands.
Now, after two decades of LaTeX2e and NFSS2, these commands will not work any
more. If loading a package results in this error message, you should contact
the author of that package and ask him to replace the deprecated font command
`\bf', e.g., by `\normalfont \bfseries `. Otherwise you should reconfigure
or replace the package. If you have used the old font command `\bf' yourself,
you should replace it, e.g., by `\normalfont \bfseries '.
To make it work for now, you can use the already also deprecated class option
`enabledeprecatedfontcommands'.

[5


] (./Example.aux

Package natbib Warning: Citation(s) may have changed.
(natbib)                Rerun to get citations correct.

) ) 
Here is how much of TeX's memory you used:
 5848 strings out of 492642
 91630 string characters out of 6133163
 267965 words of memory out of 5000000
 9645 multiletter control sequences out of 15000+600000
 13341 words of font info for 50 fonts, out of 8000000 for 9000
 1141 hyphenation exceptions out of 8191
 51i,7n,66p,9137b,183s stack positions out of 5000i,500n,10000p,200000b,80000s
<d:/texlive/2018/texmf-dist/fonts/type1/public/amsfonts/cm/cmbx12.pfb><d:/texlive/2018/texmf-dist/fonts/type1/public/amsfonts/cm/cmcsc10.pfb><d:/texlive/2018/texmf-dist/fonts/type1/public/amsfonts/cm/cmr12.pfb><d:/texlive/2018/texmf-dist/fonts/type1/public/amsfonts/cm/cmr17.pfb><d:/texlive/2018/texmf-dist/fonts/type1/public/amsfonts/cm/cmr8.pfb><d:/texlive/2018/texmf-dist/fonts/type1/public/amsfonts/cm/cmssbx10.pfb><d:/texlive/2018/texmf-dist/fonts/type1/public/amsfonts/cm/cmti12.pfb>
Output written on Example.pdf (10 pages, 88119 bytes).
PDF statistics:
 65 PDF objects out of 1000 (max. 8388607)
 45 compressed objects within 1 object stream
 0 named destinations out of 1000 (max. 500000)
 1 words of extra memory for PDF output out of 10000 (max. 10000000)

